<?xml version="1.0" encoding="UTF-8" ?>
<testsuite tests="109" failures="0" name="br.com.luca.runners.RunnerTest" time="2.807" errors="0" skipped="0">
  <properties>
    <property name="java.runtime.name" value="Java(TM) SE Runtime Environment"/>
    <property name="sun.boot.library.path" value="C:\Program Files\Java\jdk1.8.0_151\jre\bin"/>
    <property name="java.vm.version" value="25.151-b12"/>
    <property name="java.vm.vendor" value="Oracle Corporation"/>
    <property name="maven.multiModuleProjectDirectory" value="D:\Java_Geral\Eclipse-workspace\CursoCucumber"/>
    <property name="java.vendor.url" value="http://java.oracle.com/"/>
    <property name="path.separator" value=";"/>
    <property name="guice.disable.misplaced.annotation.check" value="true"/>
    <property name="java.vm.name" value="Java HotSpot(TM) 64-Bit Server VM"/>
    <property name="file.encoding.pkg" value="sun.io"/>
    <property name="user.script" value=""/>
    <property name="user.country" value="BR"/>
    <property name="sun.java.launcher" value="SUN_STANDARD"/>
    <property name="sun.os.patch.level" value=""/>
    <property name="java.vm.specification.name" value="Java Virtual Machine Specification"/>
    <property name="user.dir" value="D:\Java_Geral\Eclipse-workspace\CursoCucumber"/>
    <property name="java.runtime.version" value="1.8.0_151-b12"/>
    <property name="java.awt.graphicsenv" value="sun.awt.Win32GraphicsEnvironment"/>
    <property name="java.endorsed.dirs" value="C:\Program Files\Java\jdk1.8.0_151\jre\lib\endorsed"/>
    <property name="os.arch" value="amd64"/>
    <property name="java.io.tmpdir" value="C:\Users\LUCA\AppData\Local\Temp\"/>
    <property name="line.separator" value="
"/>
    <property name="java.vm.specification.vendor" value="Oracle Corporation"/>
    <property name="user.variant" value=""/>
    <property name="os.name" value="Windows 10"/>
    <property name="classworlds.conf" value="D:\Java_Geral\Eclipse-workspace\.metadata\.plugins\org.eclipse.m2e.launching\launches\m2conf211210019292807191.tmp"/>
    <property name="sun.jnu.encoding" value="Cp1252"/>
    <property name="java.library.path" value="C:\Program Files\Java\jdk1.8.0_151\bin;C:\WINDOWS\Sun\Java\bin;C:\WINDOWS\system32;C:\WINDOWS;C:/Program Files/Java/jre1.8.0_211/bin/server;C:/Program Files/Java/jre1.8.0_211/bin;C:/Program Files/Java/jre1.8.0_211/lib/amd64;C:\C:\Users\LUCA\AppData\Local\Android\Sdk\platform-tools;C:\C:\Users\LUCA\AppData\Local\Android\Sdk\tools;C:\C:\Users\LUCA\AppData\Local\Android\Sdk\tools\bin;C:\C:\Program Files\Java\jdk1.8.0_151\bin;D:\Java_Geral\SeleniumWebdriver\Drivers-Navegadores;D:\Java_Geral\Ruby\ansi160\x64;C:\ProgramData\Oracle\Java\javapath;C:\Program Files (x86)\Common Files\Oracle\Java\javapath;C:\WINDOWS\system32;C:\WINDOWS;C:\WINDOWS\System32\Wbem;C:\WINDOWS\System32\WindowsPowerShell\v1.0\;C:\Program Files (x86)\ATI Technologies\ATI.ACE\Core-Static;C:\WINDOWS\System32\OpenSSH\;C:\Program Files\dotnet\;D:\Java_Geral\Selenium java\apache-maven-3.6.1-bin\apache-maven-3.6.1\bin;C:\Program Files\nodejs\;D:\Java_Geral\Git\cmd;C:\Ruby25-x64\bin;C:\Users\LUCA\AppData\Local\Microsoft\WindowsApps;C:\Users\LUCA\AppData\Local\Programs\Microsoft VS Code\bin;C:\Users\LUCA\AppData\Local\GitHubDesktop\bin;C:\Users\LUCA\AppData\Local\Microsoft\WindowsApps;C:\Users\LUCA\AppData\Roaming\npm;C:\Users\LUCA\Desktop;;."/>
    <property name="java.specification.name" value="Java Platform API Specification"/>
    <property name="java.class.version" value="52.0"/>
    <property name="sun.management.compiler" value="HotSpot 64-Bit Tiered Compilers"/>
    <property name="os.version" value="10.0"/>
    <property name="user.home" value="C:\Users\LUCA"/>
    <property name="user.timezone" value="America/Sao_Paulo"/>
    <property name="java.awt.printerjob" value="sun.awt.windows.WPrinterJob"/>
    <property name="java.specification.version" value="1.8"/>
    <property name="file.encoding" value="Cp1252"/>
    <property name="user.name" value="LUCA"/>
    <property name="java.class.path" value="C:\Users\LUCA\.p2\pool\plugins\org.eclipse.m2e.maven.runtime_1.9.1.20180912-1600\jars\plexus-classworlds-2.5.2.jar"/>
    <property name="java.vm.specification.version" value="1.8"/>
    <property name="sun.arch.data.model" value="64"/>
    <property name="java.home" value="C:\Program Files\Java\jdk1.8.0_151\jre"/>
    <property name="sun.java.command" value="org.codehaus.plexus.classworlds.launcher.Launcher -B test"/>
    <property name="java.specification.vendor" value="Oracle Corporation"/>
    <property name="user.language" value="pt"/>
    <property name="awt.toolkit" value="sun.awt.windows.WToolkit"/>
    <property name="java.vm.info" value="mixed mode"/>
    <property name="java.version" value="1.8.0_151"/>
    <property name="java.ext.dirs" value="C:\Program Files\Java\jdk1.8.0_151\jre\lib\ext;C:\WINDOWS\Sun\Java\lib\ext"/>
    <property name="sun.boot.class.path" value="C:\Program Files\Java\jdk1.8.0_151\jre\lib\resources.jar;C:\Program Files\Java\jdk1.8.0_151\jre\lib\rt.jar;C:\Program Files\Java\jdk1.8.0_151\jre\lib\sunrsasign.jar;C:\Program Files\Java\jdk1.8.0_151\jre\lib\jsse.jar;C:\Program Files\Java\jdk1.8.0_151\jre\lib\jce.jar;C:\Program Files\Java\jdk1.8.0_151\jre\lib\charsets.jar;C:\Program Files\Java\jdk1.8.0_151\jre\lib\jfr.jar;C:\Program Files\Java\jdk1.8.0_151\jre\classes"/>
    <property name="java.vendor" value="Oracle Corporation"/>
    <property name="maven.home" value="D:\Java_Geral\Eclipse-workspace\CursoCucumber\EMBEDDED"/>
    <property name="file.separator" value="\"/>
    <property name="java.vendor.url.bug" value="http://bugreport.sun.com/bugreport/"/>
    <property name="sun.cpu.endian" value="little"/>
    <property name="sun.io.unicode.encoding" value="UnicodeLittle"/>
    <property name="sun.desktop" value="windows"/>
    <property name="sun.cpu.isalist" value="amd64"/>
  </properties>
  <testcase classname="| Conta de Teste | Conta adicionada com sucesso! |" name="Dado que estou acessando a aplicação" time="0.003"/>
  <testcase classname="| Conta de Teste | Conta adicionada com sucesso! |" name="Quando informo o usuário &quot;a@a&quot;" time="0"/>
  <testcase classname="| Conta de Teste | Conta adicionada com sucesso! |" name="E a senha &quot;a&quot;" time="0"/>
  <testcase classname="| Conta de Teste | Conta adicionada com sucesso! |" name="E seleciono entrar" time="0"/>
  <testcase classname="| Conta de Teste | Conta adicionada com sucesso! |" name="Então visualizo a página inicial" time="0"/>
  <testcase classname="| Conta de Teste | Conta adicionada com sucesso! |" name="Quando seleciono Contas" time="0"/>
  <testcase classname="| Conta de Teste | Conta adicionada com sucesso! |" name="E seleciono Adicionar" time="0"/>
  <testcase classname="| Conta de Teste | Conta adicionada com sucesso! |" name="Quando informo a conta &quot;Conta de Teste&quot;" time="0"/>
  <testcase classname="| Conta de Teste | Conta adicionada com sucesso! |" name="E seleciono Salvar" time="0"/>
  <testcase classname="| Conta de Teste | Conta adicionada com sucesso! |" name="Então recebo a mensagem &quot;Conta adicionada com sucesso!&quot;" time="0.001"/>
  <testcase classname="| Conta de Teste | Conta adicionada com sucesso! |" name="| Conta de Teste | Conta adicionada com sucesso! |" time="0.924"/>
  <testcase classname="|  | Informe o nome da conta |" name="Dado que estou acessando a aplicação" time="0"/>
  <testcase classname="|  | Informe o nome da conta |" name="Quando informo o usuário &quot;a@a&quot;" time="0"/>
  <testcase classname="|  | Informe o nome da conta |" name="E a senha &quot;a&quot;" time="0"/>
  <testcase classname="|  | Informe o nome da conta |" name="E seleciono entrar" time="0"/>
  <testcase classname="|  | Informe o nome da conta |" name="Então visualizo a página inicial" time="0"/>
  <testcase classname="|  | Informe o nome da conta |" name="Quando seleciono Contas" time="0"/>
  <testcase classname="|  | Informe o nome da conta |" name="E seleciono Adicionar" time="0"/>
  <testcase classname="|  | Informe o nome da conta |" name="Quando informo a conta &quot;&quot;" time="0"/>
  <testcase classname="|  | Informe o nome da conta |" name="E seleciono Salvar" time="0"/>
  <testcase classname="|  | Informe o nome da conta |" name="Então recebo a mensagem &quot;Informe o nome da conta&quot;" time="0"/>
  <testcase classname="|  | Informe o nome da conta |" name="|  | Informe o nome da conta |" time="0.925"/>
  <testcase classname="| Conta mesmo nome | Já existe uma conta com esse nome! |" name="Dado que estou acessando a aplicação" time="0"/>
  <testcase classname="| Conta mesmo nome | Já existe uma conta com esse nome! |" name="Quando informo o usuário &quot;a@a&quot;" time="0"/>
  <testcase classname="| Conta mesmo nome | Já existe uma conta com esse nome! |" name="E a senha &quot;a&quot;" time="0"/>
  <testcase classname="| Conta mesmo nome | Já existe uma conta com esse nome! |" name="E seleciono entrar" time="0"/>
  <testcase classname="| Conta mesmo nome | Já existe uma conta com esse nome! |" name="Então visualizo a página inicial" time="0"/>
  <testcase classname="| Conta mesmo nome | Já existe uma conta com esse nome! |" name="Quando seleciono Contas" time="0"/>
  <testcase classname="| Conta mesmo nome | Já existe uma conta com esse nome! |" name="E seleciono Adicionar" time="0"/>
  <testcase classname="| Conta mesmo nome | Já existe uma conta com esse nome! |" name="Quando informo a conta &quot;Conta mesmo nome&quot;" time="0"/>
  <testcase classname="| Conta mesmo nome | Já existe uma conta com esse nome! |" name="E seleciono Salvar" time="0"/>
  <testcase classname="| Conta mesmo nome | Já existe uma conta com esse nome! |" name="Então recebo a mensagem &quot;Já existe uma conta com esse nome!&quot;" time="0"/>
  <testcase classname="| Conta mesmo nome | Já existe uma conta com esse nome! |" name="| Conta mesmo nome | Já existe uma conta com esse nome! |" time="0.938"/>
  <testcase classname="Cenario: Deve alugar um filme com sucesso" name="Dado um filme" time="0"/>
  <testcase classname="Cenario: Deve alugar um filme com sucesso" name="Quando alugar" time="0"/>
  <testcase classname="Cenario: Deve alugar um filme com sucesso" name="Então o preço do aluguel será R$ 3" time="0"/>
  <testcase classname="Cenario: Deve alugar um filme com sucesso" name="E a data de entrega será em 1 dia" time="0"/>
  <testcase classname="Cenario: Deve alugar um filme com sucesso" name="Então o estoque de filmes será de R$ 1 unidade" time="0"/>
  <testcase classname="Cenario: Deve alugar um filme com sucesso" name="Cenario: Deve alugar um filme com sucesso" time="0"/>
  <testcase classname="Cenario: Não deve alugar filme sem estoque" name="Dado um filme com estoque de 0 unidades" time="0"/>
  <testcase classname="Cenario: Não deve alugar filme sem estoque" name="Quando alugar" time="0"/>
  <testcase classname="Cenario: Não deve alugar filme sem estoque" name="Então não será possível por falta de estoque" time="0"/>
  <testcase classname="Cenario: Não deve alugar filme sem estoque" name="E o estoque de filmes será de R$ 0 unidade" time="0"/>
  <testcase classname="Cenario: Não deve alugar filme sem estoque" name="Cenario: Não deve alugar filme sem estoque" time="0"/>
  <testcase classname="| 4 | extendido | 8 | 3 | 2 |" name="Dado um filme com estoque de 2 unidades" time="0"/>
  <testcase classname="| 4 | extendido | 8 | 3 | 2 |" name="E que o preço do aluguel seja de R$ 4" time="0"/>
  <testcase classname="| 4 | extendido | 8 | 3 | 2 |" name="E que o tipo do aluguel seja extendido" time="0"/>
  <testcase classname="| 4 | extendido | 8 | 3 | 2 |" name="Quando alugar" time="0"/>
  <testcase classname="| 4 | extendido | 8 | 3 | 2 |" name="Então o preço do aluguel será R$ 8" time="0"/>
  <testcase classname="| 4 | extendido | 8 | 3 | 2 |" name="E a data de entrega será em 3 dias" time="0"/>
  <testcase classname="| 4 | extendido | 8 | 3 | 2 |" name="E a pontuação será de 2 pontos" time="0"/>
  <testcase classname="| 4 | extendido | 8 | 3 | 2 |" name="| 4 | extendido | 8 | 3 | 2 |" time="0.016"/>
  <testcase classname="| 4 | comum | 4 | 1 | 1 |" name="Dado um filme com estoque de 2 unidades" time="0"/>
  <testcase classname="| 4 | comum | 4 | 1 | 1 |" name="E que o preço do aluguel seja de R$ 4" time="0"/>
  <testcase classname="| 4 | comum | 4 | 1 | 1 |" name="E que o tipo do aluguel seja comum" time="0"/>
  <testcase classname="| 4 | comum | 4 | 1 | 1 |" name="Quando alugar" time="0"/>
  <testcase classname="| 4 | comum | 4 | 1 | 1 |" name="Então o preço do aluguel será R$ 4" time="0"/>
  <testcase classname="| 4 | comum | 4 | 1 | 1 |" name="E a data de entrega será em 1 dias" time="0"/>
  <testcase classname="| 4 | comum | 4 | 1 | 1 |" name="E a pontuação será de 1 pontos" time="0"/>
  <testcase classname="| 4 | comum | 4 | 1 | 1 |" name="| 4 | comum | 4 | 1 | 1 |" time="0"/>
  <testcase classname="| 10 | extendido | 20 | 3 | 2 |" name="Dado um filme com estoque de 2 unidades" time="0"/>
  <testcase classname="| 10 | extendido | 20 | 3 | 2 |" name="E que o preço do aluguel seja de R$ 10" time="0"/>
  <testcase classname="| 10 | extendido | 20 | 3 | 2 |" name="E que o tipo do aluguel seja extendido" time="0"/>
  <testcase classname="| 10 | extendido | 20 | 3 | 2 |" name="Quando alugar" time="0"/>
  <testcase classname="| 10 | extendido | 20 | 3 | 2 |" name="Então o preço do aluguel será R$ 20" time="0"/>
  <testcase classname="| 10 | extendido | 20 | 3 | 2 |" name="E a data de entrega será em 3 dias" time="0"/>
  <testcase classname="| 10 | extendido | 20 | 3 | 2 |" name="E a pontuação será de 2 pontos" time="0"/>
  <testcase classname="| 10 | extendido | 20 | 3 | 2 |" name="| 10 | extendido | 20 | 3 | 2 |" time="0"/>
  <testcase classname="| 5 | semanal | 15 | 7 | 3 |" name="Dado um filme com estoque de 2 unidades" time="0"/>
  <testcase classname="| 5 | semanal | 15 | 7 | 3 |" name="E que o preço do aluguel seja de R$ 5" time="0"/>
  <testcase classname="| 5 | semanal | 15 | 7 | 3 |" name="E que o tipo do aluguel seja semanal" time="0"/>
  <testcase classname="| 5 | semanal | 15 | 7 | 3 |" name="Quando alugar" time="0"/>
  <testcase classname="| 5 | semanal | 15 | 7 | 3 |" name="Então o preço do aluguel será R$ 15" time="0"/>
  <testcase classname="| 5 | semanal | 15 | 7 | 3 |" name="E a data de entrega será em 7 dias" time="0"/>
  <testcase classname="| 5 | semanal | 15 | 7 | 3 |" name="E a pontuação será de 3 pontos" time="0"/>
  <testcase classname="| 5 | semanal | 15 | 7 | 3 |" name="| 5 | semanal | 15 | 7 | 3 |" time="0"/>
  <testcase classname="Cenário: Deve executar especificação" name="Dado que criei o arquivo corretamente" time="0"/>
  <testcase classname="Cenário: Deve executar especificação" name="Quando executá-lo" time="0"/>
  <testcase classname="Cenário: Deve executar especificação" name="Então a especificação deve finalizar com sucesso" time="0"/>
  <testcase classname="Cenário: Deve executar especificação" name="Cenário: Deve executar especificação" time="0"/>
  <testcase classname="Cenario: Deve incrementar contador" name="Dado que o valor do contador é 15" time="0"/>
  <testcase classname="Cenario: Deve incrementar contador" name="Quando eu incrementar em 3" time="0"/>
  <testcase classname="Cenario: Deve incrementar contador" name="Então o valor do contador será 18" time="0"/>
  <testcase classname="Cenario: Deve incrementar contador" name="Cenario: Deve incrementar contador" time="0"/>
  <testcase classname="Cenario: Deve incrementar contador" name="Dado que o valor do contador é 123" time="0"/>
  <testcase classname="Cenario: Deve incrementar contador" name="Quando eu incrementar em 35" time="0"/>
  <testcase classname="Cenario: Deve incrementar contador" name="Então o valor do contador será 158" time="0"/>
  <testcase classname="Cenario: Deve incrementar contador" name="Cenario: Deve incrementar contador" time="0"/>
  <testcase classname="Cenário: Deve calcular atraso na entrega" name="Dado que a entrega é dia 05/04/2018" time="0"/>
  <testcase classname="Cenário: Deve calcular atraso na entrega" name="Quando a entrega atrasar em 2 dias" time="0"/>
  <testcase classname="Cenário: Deve calcular atraso na entrega" name="Então a entrega será efetuada em 07/04/2018" time="0"/>
  <testcase classname="Cenário: Deve calcular atraso na entrega" name="Cenário: Deve calcular atraso na entrega" time="0"/>
  <testcase classname="Cenário: Deve calcular atraso na entrega da China" name="Dado que a entrega é dia 05/04/2018" time="0"/>
  <testcase classname="Cenário: Deve calcular atraso na entrega da China" name="Quando a entrega atrasar em 2 meses" time="0"/>
  <testcase classname="Cenário: Deve calcular atraso na entrega da China" name="Então a entrega será efetuada em 05/06/2018" time="0"/>
  <testcase classname="Cenário: Deve calcular atraso na entrega da China" name="Cenário: Deve calcular atraso na entrega da China" time="0"/>
  <testcase classname="Cenário: Deve criar steps genéricos para estes passos" name="Dado que o ticket é AF345" time="0"/>
  <testcase classname="Cenário: Deve criar steps genéricos para estes passos" name="Dado que o valor da passagem é R$ 230,45" time="0"/>
  <testcase classname="Cenário: Deve criar steps genéricos para estes passos" name="Dado que o nome do passageiro é &quot;Fulano da Silva&quot;" time="0"/>
  <testcase classname="Cenário: Deve criar steps genéricos para estes passos" name="Dado que o telefone do passageiro é 9999-9999" time="0"/>
  <testcase classname="Cenário: Deve criar steps genéricos para estes passos" name="Quando criar os steps" time="0"/>
  <testcase classname="Cenário: Deve criar steps genéricos para estes passos" name="Então o teste vai funcionar" time="0"/>
  <testcase classname="Cenário: Deve criar steps genéricos para estes passos" name="Cenário: Deve criar steps genéricos para estes passos" time="0"/>
  <testcase classname="Cenário: Deve reaproveitar os steps &quot;Dado&quot; do cenário anterior" name="Dado que o ticket é AB167" time="0"/>
  <testcase classname="Cenário: Deve reaproveitar os steps &quot;Dado&quot; do cenário anterior" name="Dado que o ticket especial é AB167" time="0"/>
  <testcase classname="Cenário: Deve reaproveitar os steps &quot;Dado&quot; do cenário anterior" name="Dado que o valor da passagem é R$ 1120,23" time="0"/>
  <testcase classname="Cenário: Deve reaproveitar os steps &quot;Dado&quot; do cenário anterior" name="Dado que o nome do passageiro é &quot;Cicrano de Oliveira&quot;" time="0"/>
  <testcase classname="Cenário: Deve reaproveitar os steps &quot;Dado&quot; do cenário anterior" name="Dado que o telefone do passageiro é 9888-8888" time="0"/>
  <testcase classname="Cenário: Deve reaproveitar os steps &quot;Dado&quot; do cenário anterior" name="Cenário: Deve reaproveitar os steps &quot;Dado&quot; do cenário anterior" time="0"/>
</testsuite>