<?xml version="1.0" encoding="UTF-8"?>
<!-- Generated by org.testng.reporters.JUnitReportReporter -->
<testsuite skipped="0" hostname="LUCAPC" name="com.example.tests.CT02ValidarCriticaCamposObrigatorios" tests="1" failures="0" timestamp="03 ago 2019 15:32:01 GMT" time="14.982" errors="0">
  <testcase name="testCT02ValidarCriticaCamposObrigatorios" time="14.982" classname="com.example.tests.CT02ValidarCriticaCamposObrigatorios"/>
</testsuite> <!-- com.example.tests.CT02ValidarCriticaCamposObrigatorios -->
