<?xml version="1.0" encoding="UTF-8"?>
<!-- Generated by org.testng.reporters.JUnitReportReporter -->
<testsuite skipped="0" hostname="LUCAPC" name="com.example.tests.CT01ValidarLayout" tests="1" failures="0" timestamp="09 fev 2020 19:14:16 GMT" time="14.528" errors="0">
  <testcase name="testCT01ValidarLayout" time="14.528" classname="com.example.tests.CT01ValidarLayout"/>
</testsuite> <!-- com.example.tests.CT01ValidarLayout -->
